The system is: Linux - 3.17.7-gentoo - x86_64
Compiling the C compiler identification source file "CMakeCCompilerId.c" succeeded.
Compiler: /usr/bin/cc 
Build flags: 
Id flags: 

The output was:
0


Compilation of the C compiler identification source "CMakeCCompilerId.c" produced "a.out"

The C compiler identification is GNU, found in "/home/ktantia/projects/DataSeries/build/CMakeFiles/3.7.2/CompilerIdC/a.out"

Compiling the CXX compiler identification source file "CMakeCXXCompilerId.cpp" succeeded.
Compiler: /usr/bin/c++ 
Build flags: 
Id flags: 

The output was:
0


Compilation of the CXX compiler identification source "CMakeCXXCompilerId.cpp" produced "a.out"

The CXX compiler identification is GNU, found in "/home/ktantia/projects/DataSeries/build/CMakeFiles/3.7.2/CompilerIdCXX/a.out"

Determining if the C compiler works passed with the following output:
Change Dir: /home/ktantia/projects/DataSeries/build/CMakeFiles/CMakeTmp

Run Build Command:"/usr/bin/gmake" "cmTC_d2d28/fast"
/usr/bin/gmake -f CMakeFiles/cmTC_d2d28.dir/build.make CMakeFiles/cmTC_d2d28.dir/build
gmake[1]: Entering directory '/mnt/home/ktantia/projects/DataSeries/build/CMakeFiles/CMakeTmp'
Building C object CMakeFiles/cmTC_d2d28.dir/testCCompiler.c.o
/usr/bin/cc     -o CMakeFiles/cmTC_d2d28.dir/testCCompiler.c.o   -c /home/ktantia/projects/DataSeries/build/CMakeFiles/CMakeTmp/testCCompiler.c
Linking C executable cmTC_d2d28
/usr/bin/cmake -E cmake_link_script CMakeFiles/cmTC_d2d28.dir/link.txt --verbose=1
/usr/bin/cc       CMakeFiles/cmTC_d2d28.dir/testCCompiler.c.o  -o cmTC_d2d28 -rdynamic 
gmake[1]: Leaving directory '/mnt/home/ktantia/projects/DataSeries/build/CMakeFiles/CMakeTmp'


Detecting C compiler ABI info compiled with the following output:
Change Dir: /home/ktantia/projects/DataSeries/build/CMakeFiles/CMakeTmp

Run Build Command:"/usr/bin/gmake" "cmTC_02ff8/fast"
/usr/bin/gmake -f CMakeFiles/cmTC_02ff8.dir/build.make CMakeFiles/cmTC_02ff8.dir/build
gmake[1]: Entering directory '/mnt/home/ktantia/projects/DataSeries/build/CMakeFiles/CMakeTmp'
Building C object CMakeFiles/cmTC_02ff8.dir/CMakeCCompilerABI.c.o
/usr/bin/cc     -o CMakeFiles/cmTC_02ff8.dir/CMakeCCompilerABI.c.o   -c /usr/share/cmake/Modules/CMakeCCompilerABI.c
Linking C executable cmTC_02ff8
/usr/bin/cmake -E cmake_link_script CMakeFiles/cmTC_02ff8.dir/link.txt --verbose=1
/usr/bin/cc      -v CMakeFiles/cmTC_02ff8.dir/CMakeCCompilerABI.c.o  -o cmTC_02ff8 -rdynamic  
Using built-in specs.
COLLECT_GCC=/usr/x86_64-pc-linux-gnu/gcc-bin/4.8.5/gcc
COLLECT_LTO_WRAPPER=/usr/libexec/gcc/x86_64-pc-linux-gnu/4.8.5/lto-wrapper
Target: x86_64-pc-linux-gnu
Configured with: /var/tmp/portage/portage/sys-devel/gcc-4.8.5/work/gcc-4.8.5/configure --host=x86_64-pc-linux-gnu --build=x86_64-pc-linux-gnu --prefix=/usr --bindir=/usr/x86_64-pc-linux-gnu/gcc-bin/4.8.5 --includedir=/usr/lib/gcc/x86_64-pc-linux-gnu/4.8.5/include --datadir=/usr/share/gcc-data/x86_64-pc-linux-gnu/4.8.5 --mandir=/usr/share/gcc-data/x86_64-pc-linux-gnu/4.8.5/man --infodir=/usr/share/gcc-data/x86_64-pc-linux-gnu/4.8.5/info --with-gxx-include-dir=/usr/lib/gcc/x86_64-pc-linux-gnu/4.8.5/include/g++-v4 --with-python-dir=/share/gcc-data/x86_64-pc-linux-gnu/4.8.5/python --enable-languages=c,c++,java,fortran --enable-obsolete --enable-secureplt --disable-werror --with-system-zlib --enable-nls --without-included-gettext --enable-checking=release --with-bugurl=https://bugs.gentoo.org/ --with-pkgversion='Gentoo 4.8.5 p1.3, pie-0.6.2' --enable-libstdcxx-time --enable-shared --enable-threads=posix --enable-__cxa_atexit --enable-clocale=gnu --enable-multilib --with-multilib-list=m32,m64 --disable-altivec --disable-fixed-point --enable-targets=all --enable-libgomp --disable-libmudflap --disable-libssp --enable-lto --without-cloog --enable-libsanitizer
Thread model: posix
gcc version 4.8.5 (Gentoo 4.8.5 p1.3, pie-0.6.2) 
COMPILER_PATH=/usr/libexec/gcc/x86_64-pc-linux-gnu/4.8.5/:/usr/libexec/gcc/x86_64-pc-linux-gnu/4.8.5/:/usr/libexec/gcc/x86_64-pc-linux-gnu/:/usr/lib/gcc/x86_64-pc-linux-gnu/4.8.5/:/usr/lib/gcc/x86_64-pc-linux-gnu/:/usr/lib/gcc/x86_64-pc-linux-gnu/4.8.5/../../../../x86_64-pc-linux-gnu/bin/
LIBRARY_PATH=/usr/lib/gcc/x86_64-pc-linux-gnu/4.8.5/:/usr/lib/gcc/x86_64-pc-linux-gnu/4.8.5/../../../../lib64/:/lib/../lib64/:/usr/lib/../lib64/:/usr/lib/gcc/x86_64-pc-linux-gnu/4.8.5/../../../../x86_64-pc-linux-gnu/lib/:/usr/lib/gcc/x86_64-pc-linux-gnu/4.8.5/../../../:/lib/:/usr/lib/
COLLECT_GCC_OPTIONS='-v' '-o' 'cmTC_02ff8' '-rdynamic' '-mtune=generic' '-march=x86-64'
 /usr/libexec/gcc/x86_64-pc-linux-gnu/4.8.5/collect2 --eh-frame-hdr -m elf_x86_64 -export-dynamic -dynamic-linker /lib64/ld-linux-x86-64.so.2 -o cmTC_02ff8 /usr/lib/gcc/x86_64-pc-linux-gnu/4.8.5/../../../../lib64/crt1.o /usr/lib/gcc/x86_64-pc-linux-gnu/4.8.5/../../../../lib64/crti.o /usr/lib/gcc/x86_64-pc-linux-gnu/4.8.5/crtbegin.o -L/usr/lib/gcc/x86_64-pc-linux-gnu/4.8.5 -L/usr/lib/gcc/x86_64-pc-linux-gnu/4.8.5/../../../../lib64 -L/lib/../lib64 -L/usr/lib/../lib64 -L/usr/lib/gcc/x86_64-pc-linux-gnu/4.8.5/../../../../x86_64-pc-linux-gnu/lib -L/usr/lib/gcc/x86_64-pc-linux-gnu/4.8.5/../../.. CMakeFiles/cmTC_02ff8.dir/CMakeCCompilerABI.c.o -lgcc --as-needed -lgcc_s --no-as-needed -lc -lgcc --as-needed -lgcc_s --no-as-needed /usr/lib/gcc/x86_64-pc-linux-gnu/4.8.5/crtend.o /usr/lib/gcc/x86_64-pc-linux-gnu/4.8.5/../../../../lib64/crtn.o
gmake[1]: Leaving directory '/mnt/home/ktantia/projects/DataSeries/build/CMakeFiles/CMakeTmp'


Parsed C implicit link information from above output:
  link line regex: [^( *|.*[/\])(ld|([^/\]+-)?ld|collect2)[^/\]*( |$)]
  ignore line: [Change Dir: /home/ktantia/projects/DataSeries/build/CMakeFiles/CMakeTmp]
  ignore line: []
  ignore line: [Run Build Command:"/usr/bin/gmake" "cmTC_02ff8/fast"]
  ignore line: [/usr/bin/gmake -f CMakeFiles/cmTC_02ff8.dir/build.make CMakeFiles/cmTC_02ff8.dir/build]
  ignore line: [gmake[1]: Entering directory '/mnt/home/ktantia/projects/DataSeries/build/CMakeFiles/CMakeTmp']
  ignore line: [Building C object CMakeFiles/cmTC_02ff8.dir/CMakeCCompilerABI.c.o]
  ignore line: [/usr/bin/cc     -o CMakeFiles/cmTC_02ff8.dir/CMakeCCompilerABI.c.o   -c /usr/share/cmake/Modules/CMakeCCompilerABI.c]
  ignore line: [Linking C executable cmTC_02ff8]
  ignore line: [/usr/bin/cmake -E cmake_link_script CMakeFiles/cmTC_02ff8.dir/link.txt --verbose=1]
  ignore line: [/usr/bin/cc      -v CMakeFiles/cmTC_02ff8.dir/CMakeCCompilerABI.c.o  -o cmTC_02ff8 -rdynamic  ]
  ignore line: [Using built-in specs.]
  ignore line: [COLLECT_GCC=/usr/x86_64-pc-linux-gnu/gcc-bin/4.8.5/gcc]
  ignore line: [COLLECT_LTO_WRAPPER=/usr/libexec/gcc/x86_64-pc-linux-gnu/4.8.5/lto-wrapper]
  ignore line: [Target: x86_64-pc-linux-gnu]
  ignore line: [Configured with: /var/tmp/portage/portage/sys-devel/gcc-4.8.5/work/gcc-4.8.5/configure --host=x86_64-pc-linux-gnu --build=x86_64-pc-linux-gnu --prefix=/usr --bindir=/usr/x86_64-pc-linux-gnu/gcc-bin/4.8.5 --includedir=/usr/lib/gcc/x86_64-pc-linux-gnu/4.8.5/include --datadir=/usr/share/gcc-data/x86_64-pc-linux-gnu/4.8.5 --mandir=/usr/share/gcc-data/x86_64-pc-linux-gnu/4.8.5/man --infodir=/usr/share/gcc-data/x86_64-pc-linux-gnu/4.8.5/info --with-gxx-include-dir=/usr/lib/gcc/x86_64-pc-linux-gnu/4.8.5/include/g++-v4 --with-python-dir=/share/gcc-data/x86_64-pc-linux-gnu/4.8.5/python --enable-languages=c,c++,java,fortran --enable-obsolete --enable-secureplt --disable-werror --with-system-zlib --enable-nls --without-included-gettext --enable-checking=release --with-bugurl=https://bugs.gentoo.org/ --with-pkgversion='Gentoo 4.8.5 p1.3, pie-0.6.2' --enable-libstdcxx-time --enable-shared --enable-threads=posix --enable-__cxa_atexit --enable-clocale=gnu --enable-multilib --with-multilib-list=m32,m64 --disable-altivec --disable-fixed-point --enable-targets=all --enable-libgomp --disable-libmudflap --disable-libssp --enable-lto --without-cloog --enable-libsanitizer]
  ignore line: [Thread model: posix]
  ignore line: [gcc version 4.8.5 (Gentoo 4.8.5 p1.3, pie-0.6.2) ]
  ignore line: [COMPILER_PATH=/usr/libexec/gcc/x86_64-pc-linux-gnu/4.8.5/:/usr/libexec/gcc/x86_64-pc-linux-gnu/4.8.5/:/usr/libexec/gcc/x86_64-pc-linux-gnu/:/usr/lib/gcc/x86_64-pc-linux-gnu/4.8.5/:/usr/lib/gcc/x86_64-pc-linux-gnu/:/usr/lib/gcc/x86_64-pc-linux-gnu/4.8.5/../../../../x86_64-pc-linux-gnu/bin/]
  ignore line: [LIBRARY_PATH=/usr/lib/gcc/x86_64-pc-linux-gnu/4.8.5/:/usr/lib/gcc/x86_64-pc-linux-gnu/4.8.5/../../../../lib64/:/lib/../lib64/:/usr/lib/../lib64/:/usr/lib/gcc/x86_64-pc-linux-gnu/4.8.5/../../../../x86_64-pc-linux-gnu/lib/:/usr/lib/gcc/x86_64-pc-linux-gnu/4.8.5/../../../:/lib/:/usr/lib/]
  ignore line: [COLLECT_GCC_OPTIONS='-v' '-o' 'cmTC_02ff8' '-rdynamic' '-mtune=generic' '-march=x86-64']
  link line: [ /usr/libexec/gcc/x86_64-pc-linux-gnu/4.8.5/collect2 --eh-frame-hdr -m elf_x86_64 -export-dynamic -dynamic-linker /lib64/ld-linux-x86-64.so.2 -o cmTC_02ff8 /usr/lib/gcc/x86_64-pc-linux-gnu/4.8.5/../../../../lib64/crt1.o /usr/lib/gcc/x86_64-pc-linux-gnu/4.8.5/../../../../lib64/crti.o /usr/lib/gcc/x86_64-pc-linux-gnu/4.8.5/crtbegin.o -L/usr/lib/gcc/x86_64-pc-linux-gnu/4.8.5 -L/usr/lib/gcc/x86_64-pc-linux-gnu/4.8.5/../../../../lib64 -L/lib/../lib64 -L/usr/lib/../lib64 -L/usr/lib/gcc/x86_64-pc-linux-gnu/4.8.5/../../../../x86_64-pc-linux-gnu/lib -L/usr/lib/gcc/x86_64-pc-linux-gnu/4.8.5/../../.. CMakeFiles/cmTC_02ff8.dir/CMakeCCompilerABI.c.o -lgcc --as-needed -lgcc_s --no-as-needed -lc -lgcc --as-needed -lgcc_s --no-as-needed /usr/lib/gcc/x86_64-pc-linux-gnu/4.8.5/crtend.o /usr/lib/gcc/x86_64-pc-linux-gnu/4.8.5/../../../../lib64/crtn.o]
    arg [/usr/libexec/gcc/x86_64-pc-linux-gnu/4.8.5/collect2] ==> ignore
    arg [--eh-frame-hdr] ==> ignore
    arg [-m] ==> ignore
    arg [elf_x86_64] ==> ignore
    arg [-export-dynamic] ==> ignore
    arg [-dynamic-linker] ==> ignore
    arg [/lib64/ld-linux-x86-64.so.2] ==> ignore
    arg [-o] ==> ignore
    arg [cmTC_02ff8] ==> ignore
    arg [/usr/lib/gcc/x86_64-pc-linux-gnu/4.8.5/../../../../lib64/crt1.o] ==> ignore
    arg [/usr/lib/gcc/x86_64-pc-linux-gnu/4.8.5/../../../../lib64/crti.o] ==> ignore
    arg [/usr/lib/gcc/x86_64-pc-linux-gnu/4.8.5/crtbegin.o] ==> ignore
    arg [-L/usr/lib/gcc/x86_64-pc-linux-gnu/4.8.5] ==> dir [/usr/lib/gcc/x86_64-pc-linux-gnu/4.8.5]
    arg [-L/usr/lib/gcc/x86_64-pc-linux-gnu/4.8.5/../../../../lib64] ==> dir [/usr/lib/gcc/x86_64-pc-linux-gnu/4.8.5/../../../../lib64]
    arg [-L/lib/../lib64] ==> dir [/lib/../lib64]
    arg [-L/usr/lib/../lib64] ==> dir [/usr/lib/../lib64]
    arg [-L/usr/lib/gcc/x86_64-pc-linux-gnu/4.8.5/../../../../x86_64-pc-linux-gnu/lib] ==> dir [/usr/lib/gcc/x86_64-pc-linux-gnu/4.8.5/../../../../x86_64-pc-linux-gnu/lib]
    arg [-L/usr/lib/gcc/x86_64-pc-linux-gnu/4.8.5/../../..] ==> dir [/usr/lib/gcc/x86_64-pc-linux-gnu/4.8.5/../../..]
    arg [CMakeFiles/cmTC_02ff8.dir/CMakeCCompilerABI.c.o] ==> ignore
    arg [-lgcc] ==> lib [gcc]
    arg [--as-needed] ==> ignore
    arg [-lgcc_s] ==> lib [gcc_s]
    arg [--no-as-needed] ==> ignore
    arg [-lc] ==> lib [c]
    arg [-lgcc] ==> lib [gcc]
    arg [--as-needed] ==> ignore
    arg [-lgcc_s] ==> lib [gcc_s]
    arg [--no-as-needed] ==> ignore
    arg [/usr/lib/gcc/x86_64-pc-linux-gnu/4.8.5/crtend.o] ==> ignore
    arg [/usr/lib/gcc/x86_64-pc-linux-gnu/4.8.5/../../../../lib64/crtn.o] ==> ignore
  remove lib [gcc]
  remove lib [gcc_s]
  remove lib [gcc]
  remove lib [gcc_s]
  collapse library dir [/usr/lib/gcc/x86_64-pc-linux-gnu/4.8.5] ==> [/usr/lib/gcc/x86_64-pc-linux-gnu/4.8.5]
  collapse library dir [/usr/lib/gcc/x86_64-pc-linux-gnu/4.8.5/../../../../lib64] ==> [/usr/lib64]
  collapse library dir [/lib/../lib64] ==> [/lib64]
  collapse library dir [/usr/lib/../lib64] ==> [/usr/lib64]
  collapse library dir [/usr/lib/gcc/x86_64-pc-linux-gnu/4.8.5/../../../../x86_64-pc-linux-gnu/lib] ==> [/usr/x86_64-pc-linux-gnu/lib]
  collapse library dir [/usr/lib/gcc/x86_64-pc-linux-gnu/4.8.5/../../..] ==> [/usr/lib]
  implicit libs: [c]
  implicit dirs: [/usr/lib/gcc/x86_64-pc-linux-gnu/4.8.5;/usr/lib64;/lib64;/usr/x86_64-pc-linux-gnu/lib;/usr/lib]
  implicit fwks: []




Detecting C [-std=c11] compiler features compiled with the following output:
Change Dir: /home/ktantia/projects/DataSeries/build/CMakeFiles/CMakeTmp

Run Build Command:"/usr/bin/gmake" "cmTC_17f3b/fast"
/usr/bin/gmake -f CMakeFiles/cmTC_17f3b.dir/build.make CMakeFiles/cmTC_17f3b.dir/build
gmake[1]: Entering directory '/mnt/home/ktantia/projects/DataSeries/build/CMakeFiles/CMakeTmp'
Building C object CMakeFiles/cmTC_17f3b.dir/feature_tests.c.o
/usr/bin/cc    -std=c11 -o CMakeFiles/cmTC_17f3b.dir/feature_tests.c.o   -c /home/ktantia/projects/DataSeries/build/CMakeFiles/feature_tests.c
Linking C executable cmTC_17f3b
/usr/bin/cmake -E cmake_link_script CMakeFiles/cmTC_17f3b.dir/link.txt --verbose=1
/usr/bin/cc       CMakeFiles/cmTC_17f3b.dir/feature_tests.c.o  -o cmTC_17f3b -rdynamic 
gmake[1]: Leaving directory '/mnt/home/ktantia/projects/DataSeries/build/CMakeFiles/CMakeTmp'


    Feature record: C_FEATURE:1c_function_prototypes
    Feature record: C_FEATURE:1c_restrict
    Feature record: C_FEATURE:1c_static_assert
    Feature record: C_FEATURE:1c_variadic_macros


Detecting C [-std=c99] compiler features compiled with the following output:
Change Dir: /home/ktantia/projects/DataSeries/build/CMakeFiles/CMakeTmp

Run Build Command:"/usr/bin/gmake" "cmTC_fba38/fast"
/usr/bin/gmake -f CMakeFiles/cmTC_fba38.dir/build.make CMakeFiles/cmTC_fba38.dir/build
gmake[1]: Entering directory '/mnt/home/ktantia/projects/DataSeries/build/CMakeFiles/CMakeTmp'
Building C object CMakeFiles/cmTC_fba38.dir/feature_tests.c.o
/usr/bin/cc    -std=c99 -o CMakeFiles/cmTC_fba38.dir/feature_tests.c.o   -c /home/ktantia/projects/DataSeries/build/CMakeFiles/feature_tests.c
Linking C executable cmTC_fba38
/usr/bin/cmake -E cmake_link_script CMakeFiles/cmTC_fba38.dir/link.txt --verbose=1
/usr/bin/cc       CMakeFiles/cmTC_fba38.dir/feature_tests.c.o  -o cmTC_fba38 -rdynamic 
gmake[1]: Leaving directory '/mnt/home/ktantia/projects/DataSeries/build/CMakeFiles/CMakeTmp'


    Feature record: C_FEATURE:1c_function_prototypes
    Feature record: C_FEATURE:1c_restrict
    Feature record: C_FEATURE:0c_static_assert
    Feature record: C_FEATURE:1c_variadic_macros


Detecting C [-std=c90] compiler features compiled with the following output:
Change Dir: /home/ktantia/projects/DataSeries/build/CMakeFiles/CMakeTmp

Run Build Command:"/usr/bin/gmake" "cmTC_2e3b5/fast"
/usr/bin/gmake -f CMakeFiles/cmTC_2e3b5.dir/build.make CMakeFiles/cmTC_2e3b5.dir/build
gmake[1]: Entering directory '/mnt/home/ktantia/projects/DataSeries/build/CMakeFiles/CMakeTmp'
Building C object CMakeFiles/cmTC_2e3b5.dir/feature_tests.c.o
/usr/bin/cc    -std=c90 -o CMakeFiles/cmTC_2e3b5.dir/feature_tests.c.o   -c /home/ktantia/projects/DataSeries/build/CMakeFiles/feature_tests.c
Linking C executable cmTC_2e3b5
/usr/bin/cmake -E cmake_link_script CMakeFiles/cmTC_2e3b5.dir/link.txt --verbose=1
/usr/bin/cc       CMakeFiles/cmTC_2e3b5.dir/feature_tests.c.o  -o cmTC_2e3b5 -rdynamic 
gmake[1]: Leaving directory '/mnt/home/ktantia/projects/DataSeries/build/CMakeFiles/CMakeTmp'


    Feature record: C_FEATURE:1c_function_prototypes
    Feature record: C_FEATURE:0c_restrict
    Feature record: C_FEATURE:0c_static_assert
    Feature record: C_FEATURE:0c_variadic_macros
Determining if the CXX compiler works passed with the following output:
Change Dir: /home/ktantia/projects/DataSeries/build/CMakeFiles/CMakeTmp

Run Build Command:"/usr/bin/gmake" "cmTC_7fbc1/fast"
/usr/bin/gmake -f CMakeFiles/cmTC_7fbc1.dir/build.make CMakeFiles/cmTC_7fbc1.dir/build
gmake[1]: Entering directory '/mnt/home/ktantia/projects/DataSeries/build/CMakeFiles/CMakeTmp'
Building CXX object CMakeFiles/cmTC_7fbc1.dir/testCXXCompiler.cxx.o
/usr/bin/c++      -o CMakeFiles/cmTC_7fbc1.dir/testCXXCompiler.cxx.o -c /home/ktantia/projects/DataSeries/build/CMakeFiles/CMakeTmp/testCXXCompiler.cxx
Linking CXX executable cmTC_7fbc1
/usr/bin/cmake -E cmake_link_script CMakeFiles/cmTC_7fbc1.dir/link.txt --verbose=1
/usr/bin/c++        CMakeFiles/cmTC_7fbc1.dir/testCXXCompiler.cxx.o  -o cmTC_7fbc1 -rdynamic 
gmake[1]: Leaving directory '/mnt/home/ktantia/projects/DataSeries/build/CMakeFiles/CMakeTmp'


Detecting CXX compiler ABI info compiled with the following output:
Change Dir: /home/ktantia/projects/DataSeries/build/CMakeFiles/CMakeTmp

Run Build Command:"/usr/bin/gmake" "cmTC_ed253/fast"
/usr/bin/gmake -f CMakeFiles/cmTC_ed253.dir/build.make CMakeFiles/cmTC_ed253.dir/build
gmake[1]: Entering directory '/mnt/home/ktantia/projects/DataSeries/build/CMakeFiles/CMakeTmp'
Building CXX object CMakeFiles/cmTC_ed253.dir/CMakeCXXCompilerABI.cpp.o
/usr/bin/c++      -o CMakeFiles/cmTC_ed253.dir/CMakeCXXCompilerABI.cpp.o -c /usr/share/cmake/Modules/CMakeCXXCompilerABI.cpp
Linking CXX executable cmTC_ed253
/usr/bin/cmake -E cmake_link_script CMakeFiles/cmTC_ed253.dir/link.txt --verbose=1
/usr/bin/c++       -v CMakeFiles/cmTC_ed253.dir/CMakeCXXCompilerABI.cpp.o  -o cmTC_ed253 -rdynamic  
Using built-in specs.
COLLECT_GCC=/usr/x86_64-pc-linux-gnu/gcc-bin/4.8.5/c++
COLLECT_LTO_WRAPPER=/usr/libexec/gcc/x86_64-pc-linux-gnu/4.8.5/lto-wrapper
Target: x86_64-pc-linux-gnu
Configured with: /var/tmp/portage/portage/sys-devel/gcc-4.8.5/work/gcc-4.8.5/configure --host=x86_64-pc-linux-gnu --build=x86_64-pc-linux-gnu --prefix=/usr --bindir=/usr/x86_64-pc-linux-gnu/gcc-bin/4.8.5 --includedir=/usr/lib/gcc/x86_64-pc-linux-gnu/4.8.5/include --datadir=/usr/share/gcc-data/x86_64-pc-linux-gnu/4.8.5 --mandir=/usr/share/gcc-data/x86_64-pc-linux-gnu/4.8.5/man --infodir=/usr/share/gcc-data/x86_64-pc-linux-gnu/4.8.5/info --with-gxx-include-dir=/usr/lib/gcc/x86_64-pc-linux-gnu/4.8.5/include/g++-v4 --with-python-dir=/share/gcc-data/x86_64-pc-linux-gnu/4.8.5/python --enable-languages=c,c++,java,fortran --enable-obsolete --enable-secureplt --disable-werror --with-system-zlib --enable-nls --without-included-gettext --enable-checking=release --with-bugurl=https://bugs.gentoo.org/ --with-pkgversion='Gentoo 4.8.5 p1.3, pie-0.6.2' --enable-libstdcxx-time --enable-shared --enable-threads=posix --enable-__cxa_atexit --enable-clocale=gnu --enable-multilib --with-multilib-list=m32,m64 --disable-altivec --disable-fixed-point --enable-targets=all --enable-libgomp --disable-libmudflap --disable-libssp --enable-lto --without-cloog --enable-libsanitizer
Thread model: posix
gcc version 4.8.5 (Gentoo 4.8.5 p1.3, pie-0.6.2) 
COMPILER_PATH=/usr/libexec/gcc/x86_64-pc-linux-gnu/4.8.5/:/usr/libexec/gcc/x86_64-pc-linux-gnu/4.8.5/:/usr/libexec/gcc/x86_64-pc-linux-gnu/:/usr/lib/gcc/x86_64-pc-linux-gnu/4.8.5/:/usr/lib/gcc/x86_64-pc-linux-gnu/:/usr/lib/gcc/x86_64-pc-linux-gnu/4.8.5/../../../../x86_64-pc-linux-gnu/bin/
LIBRARY_PATH=/usr/lib/gcc/x86_64-pc-linux-gnu/4.8.5/:/usr/lib/gcc/x86_64-pc-linux-gnu/4.8.5/../../../../lib64/:/lib/../lib64/:/usr/lib/../lib64/:/usr/lib/gcc/x86_64-pc-linux-gnu/4.8.5/../../../../x86_64-pc-linux-gnu/lib/:/usr/lib/gcc/x86_64-pc-linux-gnu/4.8.5/../../../:/lib/:/usr/lib/
COLLECT_GCC_OPTIONS='-v' '-o' 'cmTC_ed253' '-rdynamic' '-shared-libgcc' '-mtune=generic' '-march=x86-64'
 /usr/libexec/gcc/x86_64-pc-linux-gnu/4.8.5/collect2 --eh-frame-hdr -m elf_x86_64 -export-dynamic -dynamic-linker /lib64/ld-linux-x86-64.so.2 -o cmTC_ed253 /usr/lib/gcc/x86_64-pc-linux-gnu/4.8.5/../../../../lib64/crt1.o /usr/lib/gcc/x86_64-pc-linux-gnu/4.8.5/../../../../lib64/crti.o /usr/lib/gcc/x86_64-pc-linux-gnu/4.8.5/crtbegin.o -L/usr/lib/gcc/x86_64-pc-linux-gnu/4.8.5 -L/usr/lib/gcc/x86_64-pc-linux-gnu/4.8.5/../../../../lib64 -L/lib/../lib64 -L/usr/lib/../lib64 -L/usr/lib/gcc/x86_64-pc-linux-gnu/4.8.5/../../../../x86_64-pc-linux-gnu/lib -L/usr/lib/gcc/x86_64-pc-linux-gnu/4.8.5/../../.. CMakeFiles/cmTC_ed253.dir/CMakeCXXCompilerABI.cpp.o -lstdc++ -lm -lgcc_s -lgcc -lc -lgcc_s -lgcc /usr/lib/gcc/x86_64-pc-linux-gnu/4.8.5/crtend.o /usr/lib/gcc/x86_64-pc-linux-gnu/4.8.5/../../../../lib64/crtn.o
gmake[1]: Leaving directory '/mnt/home/ktantia/projects/DataSeries/build/CMakeFiles/CMakeTmp'


Parsed CXX implicit link information from above output:
  link line regex: [^( *|.*[/\])(ld|([^/\]+-)?ld|collect2)[^/\]*( |$)]
  ignore line: [Change Dir: /home/ktantia/projects/DataSeries/build/CMakeFiles/CMakeTmp]
  ignore line: []
  ignore line: [Run Build Command:"/usr/bin/gmake" "cmTC_ed253/fast"]
  ignore line: [/usr/bin/gmake -f CMakeFiles/cmTC_ed253.dir/build.make CMakeFiles/cmTC_ed253.dir/build]
  ignore line: [gmake[1]: Entering directory '/mnt/home/ktantia/projects/DataSeries/build/CMakeFiles/CMakeTmp']
  ignore line: [Building CXX object CMakeFiles/cmTC_ed253.dir/CMakeCXXCompilerABI.cpp.o]
  ignore line: [/usr/bin/c++      -o CMakeFiles/cmTC_ed253.dir/CMakeCXXCompilerABI.cpp.o -c /usr/share/cmake/Modules/CMakeCXXCompilerABI.cpp]
  ignore line: [Linking CXX executable cmTC_ed253]
  ignore line: [/usr/bin/cmake -E cmake_link_script CMakeFiles/cmTC_ed253.dir/link.txt --verbose=1]
  ignore line: [/usr/bin/c++       -v CMakeFiles/cmTC_ed253.dir/CMakeCXXCompilerABI.cpp.o  -o cmTC_ed253 -rdynamic  ]
  ignore line: [Using built-in specs.]
  ignore line: [COLLECT_GCC=/usr/x86_64-pc-linux-gnu/gcc-bin/4.8.5/c++]
  ignore line: [COLLECT_LTO_WRAPPER=/usr/libexec/gcc/x86_64-pc-linux-gnu/4.8.5/lto-wrapper]
  ignore line: [Target: x86_64-pc-linux-gnu]
  ignore line: [Configured with: /var/tmp/portage/portage/sys-devel/gcc-4.8.5/work/gcc-4.8.5/configure --host=x86_64-pc-linux-gnu --build=x86_64-pc-linux-gnu --prefix=/usr --bindir=/usr/x86_64-pc-linux-gnu/gcc-bin/4.8.5 --includedir=/usr/lib/gcc/x86_64-pc-linux-gnu/4.8.5/include --datadir=/usr/share/gcc-data/x86_64-pc-linux-gnu/4.8.5 --mandir=/usr/share/gcc-data/x86_64-pc-linux-gnu/4.8.5/man --infodir=/usr/share/gcc-data/x86_64-pc-linux-gnu/4.8.5/info --with-gxx-include-dir=/usr/lib/gcc/x86_64-pc-linux-gnu/4.8.5/include/g++-v4 --with-python-dir=/share/gcc-data/x86_64-pc-linux-gnu/4.8.5/python --enable-languages=c,c++,java,fortran --enable-obsolete --enable-secureplt --disable-werror --with-system-zlib --enable-nls --without-included-gettext --enable-checking=release --with-bugurl=https://bugs.gentoo.org/ --with-pkgversion='Gentoo 4.8.5 p1.3, pie-0.6.2' --enable-libstdcxx-time --enable-shared --enable-threads=posix --enable-__cxa_atexit --enable-clocale=gnu --enable-multilib --with-multilib-list=m32,m64 --disable-altivec --disable-fixed-point --enable-targets=all --enable-libgomp --disable-libmudflap --disable-libssp --enable-lto --without-cloog --enable-libsanitizer]
  ignore line: [Thread model: posix]
  ignore line: [gcc version 4.8.5 (Gentoo 4.8.5 p1.3, pie-0.6.2) ]
  ignore line: [COMPILER_PATH=/usr/libexec/gcc/x86_64-pc-linux-gnu/4.8.5/:/usr/libexec/gcc/x86_64-pc-linux-gnu/4.8.5/:/usr/libexec/gcc/x86_64-pc-linux-gnu/:/usr/lib/gcc/x86_64-pc-linux-gnu/4.8.5/:/usr/lib/gcc/x86_64-pc-linux-gnu/:/usr/lib/gcc/x86_64-pc-linux-gnu/4.8.5/../../../../x86_64-pc-linux-gnu/bin/]
  ignore line: [LIBRARY_PATH=/usr/lib/gcc/x86_64-pc-linux-gnu/4.8.5/:/usr/lib/gcc/x86_64-pc-linux-gnu/4.8.5/../../../../lib64/:/lib/../lib64/:/usr/lib/../lib64/:/usr/lib/gcc/x86_64-pc-linux-gnu/4.8.5/../../../../x86_64-pc-linux-gnu/lib/:/usr/lib/gcc/x86_64-pc-linux-gnu/4.8.5/../../../:/lib/:/usr/lib/]
  ignore line: [COLLECT_GCC_OPTIONS='-v' '-o' 'cmTC_ed253' '-rdynamic' '-shared-libgcc' '-mtune=generic' '-march=x86-64']
  link line: [ /usr/libexec/gcc/x86_64-pc-linux-gnu/4.8.5/collect2 --eh-frame-hdr -m elf_x86_64 -export-dynamic -dynamic-linker /lib64/ld-linux-x86-64.so.2 -o cmTC_ed253 /usr/lib/gcc/x86_64-pc-linux-gnu/4.8.5/../../../../lib64/crt1.o /usr/lib/gcc/x86_64-pc-linux-gnu/4.8.5/../../../../lib64/crti.o /usr/lib/gcc/x86_64-pc-linux-gnu/4.8.5/crtbegin.o -L/usr/lib/gcc/x86_64-pc-linux-gnu/4.8.5 -L/usr/lib/gcc/x86_64-pc-linux-gnu/4.8.5/../../../../lib64 -L/lib/../lib64 -L/usr/lib/../lib64 -L/usr/lib/gcc/x86_64-pc-linux-gnu/4.8.5/../../../../x86_64-pc-linux-gnu/lib -L/usr/lib/gcc/x86_64-pc-linux-gnu/4.8.5/../../.. CMakeFiles/cmTC_ed253.dir/CMakeCXXCompilerABI.cpp.o -lstdc++ -lm -lgcc_s -lgcc -lc -lgcc_s -lgcc /usr/lib/gcc/x86_64-pc-linux-gnu/4.8.5/crtend.o /usr/lib/gcc/x86_64-pc-linux-gnu/4.8.5/../../../../lib64/crtn.o]
    arg [/usr/libexec/gcc/x86_64-pc-linux-gnu/4.8.5/collect2] ==> ignore
    arg [--eh-frame-hdr] ==> ignore
    arg [-m] ==> ignore
    arg [elf_x86_64] ==> ignore
    arg [-export-dynamic] ==> ignore
    arg [-dynamic-linker] ==> ignore
    arg [/lib64/ld-linux-x86-64.so.2] ==> ignore
    arg [-o] ==> ignore
    arg [cmTC_ed253] ==> ignore
    arg [/usr/lib/gcc/x86_64-pc-linux-gnu/4.8.5/../../../../lib64/crt1.o] ==> ignore
    arg [/usr/lib/gcc/x86_64-pc-linux-gnu/4.8.5/../../../../lib64/crti.o] ==> ignore
    arg [/usr/lib/gcc/x86_64-pc-linux-gnu/4.8.5/crtbegin.o] ==> ignore
    arg [-L/usr/lib/gcc/x86_64-pc-linux-gnu/4.8.5] ==> dir [/usr/lib/gcc/x86_64-pc-linux-gnu/4.8.5]
    arg [-L/usr/lib/gcc/x86_64-pc-linux-gnu/4.8.5/../../../../lib64] ==> dir [/usr/lib/gcc/x86_64-pc-linux-gnu/4.8.5/../../../../lib64]
    arg [-L/lib/../lib64] ==> dir [/lib/../lib64]
    arg [-L/usr/lib/../lib64] ==> dir [/usr/lib/../lib64]
    arg [-L/usr/lib/gcc/x86_64-pc-linux-gnu/4.8.5/../../../../x86_64-pc-linux-gnu/lib] ==> dir [/usr/lib/gcc/x86_64-pc-linux-gnu/4.8.5/../../../../x86_64-pc-linux-gnu/lib]
    arg [-L/usr/lib/gcc/x86_64-pc-linux-gnu/4.8.5/../../..] ==> dir [/usr/lib/gcc/x86_64-pc-linux-gnu/4.8.5/../../..]
    arg [CMakeFiles/cmTC_ed253.dir/CMakeCXXCompilerABI.cpp.o] ==> ignore
    arg [-lstdc++] ==> lib [stdc++]
    arg [-lm] ==> lib [m]
    arg [-lgcc_s] ==> lib [gcc_s]
    arg [-lgcc] ==> lib [gcc]
    arg [-lc] ==> lib [c]
    arg [-lgcc_s] ==> lib [gcc_s]
    arg [-lgcc] ==> lib [gcc]
    arg [/usr/lib/gcc/x86_64-pc-linux-gnu/4.8.5/crtend.o] ==> ignore
    arg [/usr/lib/gcc/x86_64-pc-linux-gnu/4.8.5/../../../../lib64/crtn.o] ==> ignore
  remove lib [gcc_s]
  remove lib [gcc]
  remove lib [gcc_s]
  remove lib [gcc]
  collapse library dir [/usr/lib/gcc/x86_64-pc-linux-gnu/4.8.5] ==> [/usr/lib/gcc/x86_64-pc-linux-gnu/4.8.5]
  collapse library dir [/usr/lib/gcc/x86_64-pc-linux-gnu/4.8.5/../../../../lib64] ==> [/usr/lib64]
  collapse library dir [/lib/../lib64] ==> [/lib64]
  collapse library dir [/usr/lib/../lib64] ==> [/usr/lib64]
  collapse library dir [/usr/lib/gcc/x86_64-pc-linux-gnu/4.8.5/../../../../x86_64-pc-linux-gnu/lib] ==> [/usr/x86_64-pc-linux-gnu/lib]
  collapse library dir [/usr/lib/gcc/x86_64-pc-linux-gnu/4.8.5/../../..] ==> [/usr/lib]
  implicit libs: [stdc++;m;c]
  implicit dirs: [/usr/lib/gcc/x86_64-pc-linux-gnu/4.8.5;/usr/lib64;/lib64;/usr/x86_64-pc-linux-gnu/lib;/usr/lib]
  implicit fwks: []




Detecting CXX [-std=c++1y] compiler features compiled with the following output:
Change Dir: /home/ktantia/projects/DataSeries/build/CMakeFiles/CMakeTmp

Run Build Command:"/usr/bin/gmake" "cmTC_285da/fast"
/usr/bin/gmake -f CMakeFiles/cmTC_285da.dir/build.make CMakeFiles/cmTC_285da.dir/build
gmake[1]: Entering directory '/mnt/home/ktantia/projects/DataSeries/build/CMakeFiles/CMakeTmp'
Building CXX object CMakeFiles/cmTC_285da.dir/feature_tests.cxx.o
/usr/bin/c++     -std=c++1y -o CMakeFiles/cmTC_285da.dir/feature_tests.cxx.o -c /home/ktantia/projects/DataSeries/build/CMakeFiles/feature_tests.cxx
Linking CXX executable cmTC_285da
/usr/bin/cmake -E cmake_link_script CMakeFiles/cmTC_285da.dir/link.txt --verbose=1
/usr/bin/c++        CMakeFiles/cmTC_285da.dir/feature_tests.cxx.o  -o cmTC_285da -rdynamic 
gmake[1]: Leaving directory '/mnt/home/ktantia/projects/DataSeries/build/CMakeFiles/CMakeTmp'


    Feature record: CXX_FEATURE:0cxx_aggregate_default_initializers
    Feature record: CXX_FEATURE:1cxx_alias_templates
    Feature record: CXX_FEATURE:1cxx_alignas
    Feature record: CXX_FEATURE:1cxx_alignof
    Feature record: CXX_FEATURE:1cxx_attributes
    Feature record: CXX_FEATURE:0cxx_attribute_deprecated
    Feature record: CXX_FEATURE:1cxx_auto_type
    Feature record: CXX_FEATURE:0cxx_binary_literals
    Feature record: CXX_FEATURE:1cxx_constexpr
    Feature record: CXX_FEATURE:0cxx_contextual_conversions
    Feature record: CXX_FEATURE:1cxx_decltype
    Feature record: CXX_FEATURE:0cxx_decltype_auto
    Feature record: CXX_FEATURE:1cxx_decltype_incomplete_return_types
    Feature record: CXX_FEATURE:1cxx_default_function_template_args
    Feature record: CXX_FEATURE:1cxx_defaulted_functions
    Feature record: CXX_FEATURE:1cxx_defaulted_move_initializers
    Feature record: CXX_FEATURE:1cxx_delegating_constructors
    Feature record: CXX_FEATURE:1cxx_deleted_functions
    Feature record: CXX_FEATURE:0cxx_digit_separators
    Feature record: CXX_FEATURE:1cxx_enum_forward_declarations
    Feature record: CXX_FEATURE:1cxx_explicit_conversions
    Feature record: CXX_FEATURE:1cxx_extended_friend_declarations
    Feature record: CXX_FEATURE:1cxx_extern_templates
    Feature record: CXX_FEATURE:1cxx_final
    Feature record: CXX_FEATURE:1cxx_func_identifier
    Feature record: CXX_FEATURE:1cxx_generalized_initializers
    Feature record: CXX_FEATURE:0cxx_generic_lambdas
    Feature record: CXX_FEATURE:1cxx_inheriting_constructors
    Feature record: CXX_FEATURE:1cxx_inline_namespaces
    Feature record: CXX_FEATURE:1cxx_lambdas
    Feature record: CXX_FEATURE:0cxx_lambda_init_captures
    Feature record: CXX_FEATURE:1cxx_local_type_template_args
    Feature record: CXX_FEATURE:1cxx_long_long_type
    Feature record: CXX_FEATURE:1cxx_noexcept
    Feature record: CXX_FEATURE:1cxx_nonstatic_member_init
    Feature record: CXX_FEATURE:1cxx_nullptr
    Feature record: CXX_FEATURE:1cxx_override
    Feature record: CXX_FEATURE:1cxx_range_for
    Feature record: CXX_FEATURE:1cxx_raw_string_literals
    Feature record: CXX_FEATURE:1cxx_reference_qualified_functions
    Feature record: CXX_FEATURE:0cxx_relaxed_constexpr
    Feature record: CXX_FEATURE:0cxx_return_type_deduction
    Feature record: CXX_FEATURE:1cxx_right_angle_brackets
    Feature record: CXX_FEATURE:1cxx_rvalue_references
    Feature record: CXX_FEATURE:1cxx_sizeof_member
    Feature record: CXX_FEATURE:1cxx_static_assert
    Feature record: CXX_FEATURE:1cxx_strong_enums
    Feature record: CXX_FEATURE:1cxx_template_template_parameters
    Feature record: CXX_FEATURE:1cxx_thread_local
    Feature record: CXX_FEATURE:1cxx_trailing_return_types
    Feature record: CXX_FEATURE:1cxx_unicode_literals
    Feature record: CXX_FEATURE:1cxx_uniform_initialization
    Feature record: CXX_FEATURE:1cxx_unrestricted_unions
    Feature record: CXX_FEATURE:1cxx_user_literals
    Feature record: CXX_FEATURE:0cxx_variable_templates
    Feature record: CXX_FEATURE:1cxx_variadic_macros
    Feature record: CXX_FEATURE:1cxx_variadic_templates


Detecting CXX [-std=c++11] compiler features compiled with the following output:
Change Dir: /home/ktantia/projects/DataSeries/build/CMakeFiles/CMakeTmp

Run Build Command:"/usr/bin/gmake" "cmTC_3c2a2/fast"
/usr/bin/gmake -f CMakeFiles/cmTC_3c2a2.dir/build.make CMakeFiles/cmTC_3c2a2.dir/build
gmake[1]: Entering directory '/mnt/home/ktantia/projects/DataSeries/build/CMakeFiles/CMakeTmp'
Building CXX object CMakeFiles/cmTC_3c2a2.dir/feature_tests.cxx.o
/usr/bin/c++     -std=c++11 -o CMakeFiles/cmTC_3c2a2.dir/feature_tests.cxx.o -c /home/ktantia/projects/DataSeries/build/CMakeFiles/feature_tests.cxx
Linking CXX executable cmTC_3c2a2
/usr/bin/cmake -E cmake_link_script CMakeFiles/cmTC_3c2a2.dir/link.txt --verbose=1
/usr/bin/c++        CMakeFiles/cmTC_3c2a2.dir/feature_tests.cxx.o  -o cmTC_3c2a2 -rdynamic 
gmake[1]: Leaving directory '/mnt/home/ktantia/projects/DataSeries/build/CMakeFiles/CMakeTmp'


    Feature record: CXX_FEATURE:0cxx_aggregate_default_initializers
    Feature record: CXX_FEATURE:1cxx_alias_templates
    Feature record: CXX_FEATURE:1cxx_alignas
    Feature record: CXX_FEATURE:1cxx_alignof
    Feature record: CXX_FEATURE:1cxx_attributes
    Feature record: CXX_FEATURE:0cxx_attribute_deprecated
    Feature record: CXX_FEATURE:1cxx_auto_type
    Feature record: CXX_FEATURE:0cxx_binary_literals
    Feature record: CXX_FEATURE:1cxx_constexpr
    Feature record: CXX_FEATURE:0cxx_contextual_conversions
    Feature record: CXX_FEATURE:1cxx_decltype
    Feature record: CXX_FEATURE:0cxx_decltype_auto
    Feature record: CXX_FEATURE:1cxx_decltype_incomplete_return_types
    Feature record: CXX_FEATURE:1cxx_default_function_template_args
    Feature record: CXX_FEATURE:1cxx_defaulted_functions
    Feature record: CXX_FEATURE:1cxx_defaulted_move_initializers
    Feature record: CXX_FEATURE:1cxx_delegating_constructors
    Feature record: CXX_FEATURE:1cxx_deleted_functions
    Feature record: CXX_FEATURE:0cxx_digit_separators
    Feature record: CXX_FEATURE:1cxx_enum_forward_declarations
    Feature record: CXX_FEATURE:1cxx_explicit_conversions
    Feature record: CXX_FEATURE:1cxx_extended_friend_declarations
    Feature record: CXX_FEATURE:1cxx_extern_templates
    Feature record: CXX_FEATURE:1cxx_final
    Feature record: CXX_FEATURE:1cxx_func_identifier
    Feature record: CXX_FEATURE:1cxx_generalized_initializers
    Feature record: CXX_FEATURE:0cxx_generic_lambdas
    Feature record: CXX_FEATURE:1cxx_inheriting_constructors
    Feature record: CXX_FEATURE:1cxx_inline_namespaces
    Feature record: CXX_FEATURE:1cxx_lambdas
    Feature record: CXX_FEATURE:0cxx_lambda_init_captures
    Feature record: CXX_FEATURE:1cxx_local_type_template_args
    Feature record: CXX_FEATURE:1cxx_long_long_type
    Feature record: CXX_FEATURE:1cxx_noexcept
    Feature record: CXX_FEATURE:1cxx_nonstatic_member_init
    Feature record: CXX_FEATURE:1cxx_nullptr
    Feature record: CXX_FEATURE:1cxx_override
    Feature record: CXX_FEATURE:1cxx_range_for
    Feature record: CXX_FEATURE:1cxx_raw_string_literals
    Feature record: CXX_FEATURE:1cxx_reference_qualified_functions
    Feature record: CXX_FEATURE:0cxx_relaxed_constexpr
    Feature record: CXX_FEATURE:0cxx_return_type_deduction
    Feature record: CXX_FEATURE:1cxx_right_angle_brackets
    Feature record: CXX_FEATURE:1cxx_rvalue_references
    Feature record: CXX_FEATURE:1cxx_sizeof_member
    Feature record: CXX_FEATURE:1cxx_static_assert
    Feature record: CXX_FEATURE:1cxx_strong_enums
    Feature record: CXX_FEATURE:1cxx_template_template_parameters
    Feature record: CXX_FEATURE:1cxx_thread_local
    Feature record: CXX_FEATURE:1cxx_trailing_return_types
    Feature record: CXX_FEATURE:1cxx_unicode_literals
    Feature record: CXX_FEATURE:1cxx_uniform_initialization
    Feature record: CXX_FEATURE:1cxx_unrestricted_unions
    Feature record: CXX_FEATURE:1cxx_user_literals
    Feature record: CXX_FEATURE:0cxx_variable_templates
    Feature record: CXX_FEATURE:1cxx_variadic_macros
    Feature record: CXX_FEATURE:1cxx_variadic_templates


Detecting CXX [-std=c++98] compiler features compiled with the following output:
Change Dir: /home/ktantia/projects/DataSeries/build/CMakeFiles/CMakeTmp

Run Build Command:"/usr/bin/gmake" "cmTC_231f7/fast"
/usr/bin/gmake -f CMakeFiles/cmTC_231f7.dir/build.make CMakeFiles/cmTC_231f7.dir/build
gmake[1]: Entering directory '/mnt/home/ktantia/projects/DataSeries/build/CMakeFiles/CMakeTmp'
Building CXX object CMakeFiles/cmTC_231f7.dir/feature_tests.cxx.o
/usr/bin/c++     -std=c++98 -o CMakeFiles/cmTC_231f7.dir/feature_tests.cxx.o -c /home/ktantia/projects/DataSeries/build/CMakeFiles/feature_tests.cxx
Linking CXX executable cmTC_231f7
/usr/bin/cmake -E cmake_link_script CMakeFiles/cmTC_231f7.dir/link.txt --verbose=1
/usr/bin/c++        CMakeFiles/cmTC_231f7.dir/feature_tests.cxx.o  -o cmTC_231f7 -rdynamic 
gmake[1]: Leaving directory '/mnt/home/ktantia/projects/DataSeries/build/CMakeFiles/CMakeTmp'


    Feature record: CXX_FEATURE:0cxx_aggregate_default_initializers
    Feature record: CXX_FEATURE:0cxx_alias_templates
    Feature record: CXX_FEATURE:0cxx_alignas
    Feature record: CXX_FEATURE:0cxx_alignof
    Feature record: CXX_FEATURE:0cxx_attributes
    Feature record: CXX_FEATURE:0cxx_attribute_deprecated
    Feature record: CXX_FEATURE:0cxx_auto_type
    Feature record: CXX_FEATURE:0cxx_binary_literals
    Feature record: CXX_FEATURE:0cxx_constexpr
    Feature record: CXX_FEATURE:0cxx_contextual_conversions
    Feature record: CXX_FEATURE:0cxx_decltype
    Feature record: CXX_FEATURE:0cxx_decltype_auto
    Feature record: CXX_FEATURE:0cxx_decltype_incomplete_return_types
    Feature record: CXX_FEATURE:0cxx_default_function_template_args
    Feature record: CXX_FEATURE:0cxx_defaulted_functions
    Feature record: CXX_FEATURE:0cxx_defaulted_move_initializers
    Feature record: CXX_FEATURE:0cxx_delegating_constructors
    Feature record: CXX_FEATURE:0cxx_deleted_functions
    Feature record: CXX_FEATURE:0cxx_digit_separators
    Feature record: CXX_FEATURE:0cxx_enum_forward_declarations
    Feature record: CXX_FEATURE:0cxx_explicit_conversions
    Feature record: CXX_FEATURE:0cxx_extended_friend_declarations
    Feature record: CXX_FEATURE:0cxx_extern_templates
    Feature record: CXX_FEATURE:0cxx_final
    Feature record: CXX_FEATURE:0cxx_func_identifier
    Feature record: CXX_FEATURE:0cxx_generalized_initializers
    Feature record: CXX_FEATURE:0cxx_generic_lambdas
    Feature record: CXX_FEATURE:0cxx_inheriting_constructors
    Feature record: CXX_FEATURE:0cxx_inline_namespaces
    Feature record: CXX_FEATURE:0cxx_lambdas
    Feature record: CXX_FEATURE:0cxx_lambda_init_captures
    Feature record: CXX_FEATURE:0cxx_local_type_template_args
    Feature record: CXX_FEATURE:0cxx_long_long_type
    Feature record: CXX_FEATURE:0cxx_noexcept
    Feature record: CXX_FEATURE:0cxx_nonstatic_member_init
    Feature record: CXX_FEATURE:0cxx_nullptr
    Feature record: CXX_FEATURE:0cxx_override
    Feature record: CXX_FEATURE:0cxx_range_for
    Feature record: CXX_FEATURE:0cxx_raw_string_literals
    Feature record: CXX_FEATURE:0cxx_reference_qualified_functions
    Feature record: CXX_FEATURE:0cxx_relaxed_constexpr
    Feature record: CXX_FEATURE:0cxx_return_type_deduction
    Feature record: CXX_FEATURE:0cxx_right_angle_brackets
    Feature record: CXX_FEATURE:0cxx_rvalue_references
    Feature record: CXX_FEATURE:0cxx_sizeof_member
    Feature record: CXX_FEATURE:0cxx_static_assert
    Feature record: CXX_FEATURE:0cxx_strong_enums
    Feature record: CXX_FEATURE:1cxx_template_template_parameters
    Feature record: CXX_FEATURE:0cxx_thread_local
    Feature record: CXX_FEATURE:0cxx_trailing_return_types
    Feature record: CXX_FEATURE:0cxx_unicode_literals
    Feature record: CXX_FEATURE:0cxx_uniform_initialization
    Feature record: CXX_FEATURE:0cxx_unrestricted_unions
    Feature record: CXX_FEATURE:0cxx_user_literals
    Feature record: CXX_FEATURE:0cxx_variable_templates
    Feature record: CXX_FEATURE:0cxx_variadic_macros
    Feature record: CXX_FEATURE:0cxx_variadic_templates
